app/build/outputs/logs/manifest-merger-debug-report.txt
-- Merging decision tree log ---
manifest
ADDED from src/main/AndroidManifest.xml:2:1-21:12
	package
		ADDED from src/main/AndroidManifest.xml:3:5-34
		INJECTED from src/main/AndroidManifest.xml
		INJECTED from src/main/AndroidManifest.xml
	android:versionName
		INJECTED from src/main/AndroidManifest.xml
		INJECTED from src/main/AndroidManifest.xml
	xmlns:android
		ADDED from src/main/AndroidManifest.xml:2:11-69
	android:versionCode
		INJECTED from src/main/AndroidManifest.xml
		INJECTED from src/main/AndroidManifest.xml
application
ADDED from src/main/AndroidManifest.xml:5:5-19:19
MERGED from [com.android.support.constraint:constraint-layout:1.1.2] AndroidManifest.xml:9:5-20
MERGED from [com.github.Lvluffy:tencentimlib:unspecified] AndroidManifest.xml:26:5-67:19
	android:label
		ADDED from src/main/AndroidManifest.xml:8:9-41
	android:supportsRtl
		ADDED from src/main/AndroidManifest.xml:10:9-35
	android:roundIcon
		ADDED from src/main/AndroidManifest.xml:9:9-54
	android:allowBackup
		ADDED from src/main/AndroidManifest.xml:6:9-35
	android:icon
		ADDED from src/main/AndroidManifest.xml:7:9-43
	android:theme
		ADDED from src/main/AndroidManifest.xml:11:9-40
activity#com.luffy.tencentim.MainActivity
ADDED from src/main/AndroidManifest.xml:12:9-18:20
	android:name
		ADDED from src/main/AndroidManifest.xml:12:19-47
intent-filter#android.intent.action.MAIN+android.intent.category.LAUNCHER
ADDED from src/main/AndroidManifest.xml:13:13-17:29
action#android.intent.action.MAIN
ADDED from src/main/AndroidManifest.xml:14:17-69
	android:name
		ADDED from src/main/AndroidManifest.xml:14:25-66
category#android.intent.category.LAUNCHER
ADDED from src/main/AndroidManifest.xml:16:17-77
	android:name
		ADDED from src/main/AndroidManifest.xml:16:27-74
uses-sdk
INJECTED from src/main/AndroidManifest.xml reason: use-sdk injection requested
MERGED from [com.android.support.constraint:constraint-layout:1.1.2] AndroidManifest.xml:5:5-7:41
MERGED from [com.github.Lvluffy:tencentimlib:unspecified] AndroidManifest.xml:7:5-9:41
MERGED from [com.android.support:appcompat-v7:27.0.2] AndroidManifest.xml:20:5-44
MERGED from [com.android.support:support-fragment:27.0.2] AndroidManifest.xml:20:5-44
MERGED from [com.android.support:support-core-utils:27.0.2] AndroidManifest.xml:20:5-44
MERGED from [com.android.support:animated-vector-drawable:27.0.2] AndroidManifest.xml:20:5-44
MERGED from [com.android.support:support-vector-drawable:27.0.2] AndroidManifest.xml:20:5-44
MERGED from [com.android.support:support-core-ui:27.0.2] AndroidManifest.xml:20:5-44
MERGED from [com.android.support:support-compat:27.0.2] AndroidManifest.xml:20:5-44
MERGED from [android.arch.lifecycle:runtime:1.0.3] AndroidManifest.xml:20:5-22:41
MERGED from [com.github.CymChad:BaseRecyclerViewAdapterHelper:2.9.34] AndroidManifest.xml:7:5-9:41
	android:targetSdkVersion
		INJECTED from src/main/AndroidManifest.xml
		INJECTED from src/main/AndroidManifest.xml
	android:minSdkVersion
		INJECTED from src/main/AndroidManifest.xml
		INJECTED from src/main/AndroidManifest.xml
uses-permission#android.permission.ACCESS_NETWORK_STATE
ADDED from [com.github.Lvluffy:tencentimlib:unspecified] AndroidManifest.xml:11:5-79
	android:name
		ADDED from [com.github.Lvluffy:tencentimlib:unspecified] AndroidManifest.xml:11:22-76
uses-permission#android.permission.ACCESS_WIFI_STATE
ADDED from [com.github.Lvluffy:tencentimlib:unspecified] AndroidManifest.xml:12:5-76
	android:name
		ADDED from [com.github.Lvluffy:tencentimlib:unspecified] AndroidManifest.xml:12:22-73
uses-permission#android.permission.CAMERA
ADDED from [com.github.Lvluffy:tencentimlib:unspecified] AndroidManifest.xml:13:5-65
	android:name
		ADDED from [com.github.Lvluffy:tencentimlib:unspecified] AndroidManifest.xml:13:22-62
uses-permission#android.permission.CHANGE_NETWORK_STATE
ADDED from [com.github.Lvluffy:tencentimlib:unspecified] AndroidManifest.xml:14:5-79
	android:name
		ADDED from [com.github.Lvluffy:tencentimlib:unspecified] AndroidManifest.xml:14:22-76
uses-permission#android.permission.GET_TASKS
ADDED from [com.github.Lvluffy:tencentimlib:unspecified] AndroidManifest.xml:15:5-68
	android:name
		ADDED from [com.github.Lvluffy:tencentimlib:unspecified] AndroidManifest.xml:15:22-65
uses-permission#android.permission.INTERNET
ADDED from [com.github.Lvluffy:tencentimlib:unspecified] AndroidManifest.xml:16:5-67
	android:name
		ADDED from [com.github.Lvluffy:tencentimlib:unspecified] AndroidManifest.xml:16:22-64
uses-permission#android.permission.MODIFY_AUDIO_SETTINGS
ADDED from [com.github.Lvluffy:tencentimlib:unspecified] AndroidManifest.xml:17:5-80
	android:name
		ADDED from [com.github.Lvluffy:tencentimlib:unspecified] AndroidManifest.xml:17:22-77
uses-permission#android.permission.READ_LOGS
ADDED from [com.github.Lvluffy:tencentimlib:unspecified] AndroidManifest.xml:18:5-68
	android:name
		ADDED from [com.github.Lvluffy:tencentimlib:unspecified] AndroidManifest.xml:18:22-65
uses-permission#android.permission.READ_PHONE_STATE
ADDED from [com.github.Lvluffy:tencentimlib:unspecified] AndroidManifest.xml:19:5-75
	android:name
		ADDED from [com.github.Lvluffy:tencentimlib:unspecified] AndroidManifest.xml:19:22-72
uses-permission#android.permission.RECEIVE_BOOT_COMPLETED
ADDED from [com.github.Lvluffy:tencentimlib:unspecified] AndroidManifest.xml:20:5-81
	android:name
		ADDED from [com.github.Lvluffy:tencentimlib:unspecified] AndroidManifest.xml:20:22-78
uses-permission#android.permission.RECORD_AUDIO
ADDED from [com.github.Lvluffy:tencentimlib:unspecified] AndroidManifest.xml:21:5-71
	android:name
		ADDED from [com.github.Lvluffy:tencentimlib:unspecified] AndroidManifest.xml:21:22-68
uses-permission#android.permission.VIBRATE
ADDED from [com.github.Lvluffy:tencentimlib:unspecified] AndroidManifest.xml:22:5-66
	android:name
		ADDED from [com.github.Lvluffy:tencentimlib:unspecified] AndroidManifest.xml:22:22-63
uses-permission#android.permission.WAKE_LOCK
ADDED from [com.github.Lvluffy:tencentimlib:unspecified] AndroidManifest.xml:23:5-68
	android:name
		ADDED from [com.github.Lvluffy:tencentimlib:unspecified] AndroidManifest.xml:23:22-65
uses-permission#android.permission.WRITE_EXTERNAL_STORAGE
ADDED from [com.github.Lvluffy:tencentimlib:unspecified] AndroidManifest.xml:24:5-81
	android:name
		ADDED from [com.github.Lvluffy:tencentimlib:unspecified] AndroidManifest.xml:24:22-78
service#com.tencent.qalsdk.service.QalService
ADDED from [com.github.Lvluffy:tencentimlib:unspecified] AndroidManifest.xml:29:9-32:45
	android:process
		ADDED from [com.github.Lvluffy:tencentimlib:unspecified] AndroidManifest.xml:32:13-42
	android:exported
		ADDED from [com.github.Lvluffy:tencentimlib:unspecified] AndroidManifest.xml:31:13-36
	android:name
		ADDED from [com.github.Lvluffy:tencentimlib:unspecified] AndroidManifest.xml:30:13-65
service#com.tencent.qalsdk.service.QalAssistService
ADDED from [com.github.Lvluffy:tencentimlib:unspecified] AndroidManifest.xml:33:9-36:45
	android:process
		ADDED from [com.github.Lvluffy:tencentimlib:unspecified] AndroidManifest.xml:36:13-42
	android:exported
		ADDED from [com.github.Lvluffy:tencentimlib:unspecified] AndroidManifest.xml:35:13-37
	android:name
		ADDED from [com.github.Lvluffy:tencentimlib:unspecified] AndroidManifest.xml:34:13-71
receiver#com.tencent.qalsdk.QALBroadcastReceiver
ADDED from [com.github.Lvluffy:tencentimlib:unspecified] AndroidManifest.xml:39:9-45:20
	android:exported
		ADDED from [com.github.Lvluffy:tencentimlib:unspecified] AndroidManifest.xml:41:13-37
	android:name
		ADDED from [com.github.Lvluffy:tencentimlib:unspecified] AndroidManifest.xml:40:13-67
intent-filter#com.tencent.qalsdk.broadcast.qal
ADDED from [com.github.Lvluffy:tencentimlib:unspecified] AndroidManifest.xml:42:13-44:29
action#com.tencent.qalsdk.broadcast.qal
ADDED from [com.github.Lvluffy:tencentimlib:unspecified] AndroidManifest.xml:43:17-75
	android:name
		ADDED from [com.github.Lvluffy:tencentimlib:unspecified] AndroidManifest.xml:43:25-72
receiver#com.tencent.qalsdk.core.NetConnInfoCenter
ADDED from [com.github.Lvluffy:tencentimlib:unspecified] AndroidManifest.xml:46:9-66:20
	android:process
		ADDED from [com.github.Lvluffy:tencentimlib:unspecified] AndroidManifest.xml:48:13-42
	android:name
		ADDED from [com.github.Lvluffy:tencentimlib:unspecified] AndroidManifest.xml:47:13-69
intent-filter#android.intent.action.BOOT_COMPLETED
ADDED from [com.github.Lvluffy:tencentimlib:unspecified] AndroidManifest.xml:49:13-51:29
action#android.intent.action.BOOT_COMPLETED
ADDED from [com.github.Lvluffy:tencentimlib:unspecified] AndroidManifest.xml:50:17-79
	android:name
		ADDED from [com.github.Lvluffy:tencentimlib:unspecified] AndroidManifest.xml:50:25-76
intent-filter#android.net.conn.CONNECTIVITY_CHANGE
ADDED from [com.github.Lvluffy:tencentimlib:unspecified] AndroidManifest.xml:52:13-54:29
action#android.net.conn.CONNECTIVITY_CHANGE
ADDED from [com.github.Lvluffy:tencentimlib:unspecified] AndroidManifest.xml:53:17-79
	android:name
		ADDED from [com.github.Lvluffy:tencentimlib:unspecified] AndroidManifest.xml:53:25-76
intent-filter#android.intent.action.TIME_SET
ADDED from [com.github.Lvluffy:tencentimlib:unspecified] AndroidManifest.xml:55:13-57:29
action#android.intent.action.TIME_SET
ADDED from [com.github.Lvluffy:tencentimlib:unspecified] AndroidManifest.xml:56:17-73
	android:name
		ADDED from [com.github.Lvluffy:tencentimlib:unspecified] AndroidManifest.xml:56:25-70
intent-filter#android.intent.action.TIMEZONE_CHANGED
ADDED from [com.github.Lvluffy:tencentimlib:unspecified] AndroidManifest.xml:58:13-60:29
action#android.intent.action.TIMEZONE_CHANGED
ADDED from [com.github.Lvluffy:tencentimlib:unspecified] AndroidManifest.xml:59:17-81
	android:name
		ADDED from [com.github.Lvluffy:tencentimlib:unspecified] AndroidManifest.xml:59:25-78
intent-filter#com.tencent.qalsdk.service.TASK_REMOVED
ADDED from [com.github.Lvluffy:tencentimlib:unspecified] AndroidManifest.xml:63:13-65:29
action#com.tencent.qalsdk.service.TASK_REMOVED
ADDED from [com.github.Lvluffy:tencentimlib:unspecified] AndroidManifest.xml:64:17-82
	android:name
		ADDED from [com.github.Lvluffy:tencentimlib:unspecified] AndroidManifest.xml:64:25-79